<?xml version="1.0" encoding="UTF-8"?>
<testng-results ignored="0" total="2" passed="2" failed="0" skipped="0">
  <reporter-output>
  </reporter-output>
  <suite started-at="2022-08-05T16:39:51 IST" name="Default suite" finished-at="2022-08-05T16:39:53 IST" duration-ms="1938">
    <groups>
    </groups>
    <test started-at="2022-08-05T16:39:51 IST" name="Default test" finished-at="2022-08-05T16:39:53 IST" duration-ms="1938">
      <class name="com.crm.pom.vtiger.DatProviderFromExcel">
        <test-method signature="amazon(java.lang.String,java.lang.String)[pri:0, instance:com.crm.pom.vtiger.DatProviderFromExcel@434a63ab]" started-at="2022-08-05T16:39:53 IST" name="amazon" data-provider="add" finished-at="2022-08-05T16:39:53 IST" duration-ms="11" status="PASS">
          <params>
            <param index="0">
              <value>
                <![CDATA[vivo]]>
              </value>
            </param>
            <param index="1">
              <value>
                <![CDATA[12000]]>
              </value>
            </param>
          </params>
          <reporter-output>
          </reporter-output>
        </test-method> <!-- amazon -->
        <test-method signature="amazon(java.lang.String,java.lang.String)[pri:0, instance:com.crm.pom.vtiger.DatProviderFromExcel@434a63ab]" started-at="2022-08-05T16:39:53 IST" name="amazon" data-provider="add" finished-at="2022-08-05T16:39:53 IST" duration-ms="10" status="PASS">
          <params>
            <param index="0">
              <value>
                <![CDATA[nokia]]>
              </value>
            </param>
            <param index="1">
              <value>
                <![CDATA[9800]]>
              </value>
            </param>
          </params>
          <reporter-output>
          </reporter-output>
        </test-method> <!-- amazon -->
      </class> <!-- com.crm.pom.vtiger.DatProviderFromExcel -->
    </test> <!-- Default test -->
  </suite> <!-- Default suite -->
</testng-results>
